npm verb cli /usr/local/bin/node /usr/local/bin/npm
npm info using npm@8.15.0
npm info using node@v16.17.0
npm timing npm:load:whichnode Completed in 0ms
npm timing config:load:defaults Completed in 1ms
npm timing config:load:file:/usr/local/lib/node_modules/npm/npmrc Completed in 0ms
npm timing config:load:builtin Completed in 0ms
npm timing config:load:cli Completed in 1ms
npm timing config:load:env Completed in 1ms
npm timing config:load:file:/Users/adarsh/Documents/CE/otherFrameworkSamples/example-cypress12-browserstack/tmpBstackPackages/.npmrc Completed in 0ms
npm timing config:load:project Completed in 4ms
npm timing config:load:file:/Users/adarsh/.npmrc Completed in 0ms
npm timing config:load:user Completed in 0ms
npm timing config:load:file:/usr/local/etc/npmrc Completed in 0ms
npm timing config:load:global Completed in 0ms
npm timing config:load:validate Completed in 0ms
npm timing config:load:credentials Completed in 1ms
npm timing config:load:setEnvs Completed in 0ms
npm timing config:load Completed in 8ms
npm timing npm:load:configload Completed in 8ms
npm timing npm:load:mkdirpcache Completed in 1ms
npm timing npm:load:mkdirplogs Completed in 0ms
npm verb title npm install
npm verb argv "install" "--legacy-peer-deps" "--loglevel" "verbose"
npm timing npm:load:setTitle Completed in 5ms
npm timing config:load:flatten Completed in 1ms
npm timing npm:load:display Completed in 2ms
npm verb logfile logs-max:10 dir:/Users/adarsh/.npm/_logs
npm verb logfile /Users/adarsh/.npm/_logs/2023-06-16T10_12_09_329Z-debug-0.log
npm timing npm:load:logFile Completed in 2ms
npm timing npm:load:timers Completed in 0ms
npm timing npm:load:configScope Completed in 0ms
npm timing npm:load Completed in 19ms
npm timing arborist:ctor Completed in 1ms
npm timing arborist:ctor Completed in 0ms
npm timing idealTree:init Completed in 4ms
npm timing idealTree:userRequests Completed in 0ms
npm timing idealTree:#root Completed in 0ms
npm timing idealTree:buildDeps Completed in 0ms
npm timing idealTree:fixDepFlags Completed in 0ms
npm timing idealTree Completed in 5ms
npm timing reify:loadTrees Completed in 5ms
npm timing reify:diffTrees Completed in 0ms
npm timing reify:retireShallow Completed in 0ms
npm timing reify:createSparse Completed in 0ms
npm timing reify:loadBundles Completed in 0ms
npm timing reify:audit Completed in 0ms
npm timing reify:unpack Completed in 0ms
npm timing reify:unretire Completed in 0ms
npm timing build:queue Completed in 0ms
npm timing build:deps Completed in 0ms
npm timing build Completed in 0ms
npm timing reify:build Completed in 0ms
npm timing reify:trash Completed in 0ms
npm timing reify:save Completed in 0ms
npm timing reify Completed in 10ms

up to date, audited 1 package in 69ms

found 0 vulnerabilities
npm timing command:install Completed in 12ms
npm verb exit 0
npm timing npm Completed in 70ms
npm info ok 
